AML-90_(Israel) -> Earth -> 65-77-76-45-57-48-95-40-73-115-114-97-101-108-41.html
Magach_3_(USA) -> Earth -> 77-97-103-97-99-104-95-51-95-40-85-83-65-41.html
Maus -> Earth -> 77-97-117-115.html
M24_(Italy) -> Earth -> 77-50-52-95-40-73-116-97-108-121-41.html
Pz.Kpfw._Churchill_(Germany) -> Earth -> 80-122-46-75-112-102-119-46-95-67-104-117-114-99-104-105-108-108-95-40-71-101-114-109-97-110-121-41.html
Type_62_(USSR) -> Earth -> 84-121-112-101-95-54-50-95-40-85-83-83-82-41.html
Sho't_Kal_Dalet_(Great_Britain) -> Earth -> 83-104-111-39-116-95-75-97-108-95-68-97-108-101-116-95-40-71-114-101-97-116-95-66-114-105-116-97-105-110-41.html
M47_(Japan) -> Earth -> 77-52-55-95-40-74-97-112-97-110-41.html
PT-76_(China) -> Earth -> 80-84-45-55-54-95-40-67-104-105-110-97-41.html
ItO_90M_(France) -> Earth -> 73-116-79-95-57-48-77-95-40-70-114-97-110-99-101-41.html
Bkan_1C -> Earth -> 66-107-97-110-95-49-67.html
AMX-10RC -> Earth -> 65-77-88-45-49-48-82-67.html
Object_685 -> Earth -> 79-98-106-101-99-116-95-54-56-53.html
T-72AV_(TURMS-T) -> Earth -> 84-45-55-50-65-86-95-40-84-85-82-77-83-45-84-41.html
Centauro_I_105 -> Earth -> 67-101-110-116-97-117-114-111-95-73-95-49-48-53.html
ADATS_(M113) -> Earth -> 65-68-65-84-83-95-40-77-49-49-51-41.html
BMP-2M -> Earth -> 66-77-80-45-50-77.html
ZSU-23-4 -> Earth -> 90-83-85-45-50-51-45-52.html
SIDAM_25 -> Earth -> 83-73-68-65-77-95-50-53.html
VEAK_40 -> Earth -> 86-69-65-75-95-52-48.html
AMX-30B2_BRENUS -> Earth -> 65-77-88-45-51-48-66-50-95-66-82-69-78-85-83.html
Black_Night -> Earth -> 66-108-97-99-107-95-78-105-103-104-116.html
M113A1_(TOW) -> Earth -> 77-49-49-51-65-49-95-40-84-79-87-41.html
Strv_81_(RB_52) -> Earth -> 83-116-114-118-95-56-49-95-40-82-66-95-53-50-41.html
M901 -> Earth -> 77-57-48-49.html
M60A1_"D.C.Ariete" -> Earth -> 77-54-48-65-49-95-34-68-46-67-46-65-114-105-101-116-101-34.html
AUBL/74_HVG -> Earth -> 65-85-66-76-47-55-52-95-72-86-71.html
